<?xml version="1.0" encoding="UTF-8"?>
<!-- Generated by org.testng.reporters.JUnitReportReporter -->
<testsuite skipped="0" hostname="LAPTOP-0BAH2TM9" name="com.ivorytech.basics.ConnexionPageTest" tests="1" failures="0" timestamp="13 nov. 2019 10:15:46 GMT" time="51.069" errors="0">
  <testcase name="launchTest" time="51.069" classname="com.ivorytech.basics.ConnexionPageTest"/>
</testsuite> <!-- com.ivorytech.basics.ConnexionPageTest -->
