<?xml version="1.0" encoding="UTF-8"?>
<!-- Generated by org.testng.reporters.JUnitReportReporter -->
<testsuite skipped="1" hostname="LAPTOP-0BAH2TM9" name="com.ivorytech.basics.dartyTest0" tests="1" failures="0" timestamp="13 nov. 2019 09:45:14 GMT" time="0.000" errors="0">
  <testcase name="launchTest" time="0.000" classname="com.ivorytech.basics.dartyTest0">
    <skipped/>
  </testcase> <!-- launchTest -->
</testsuite> <!-- com.ivorytech.basics.dartyTest0 -->
