<?xml version="1.0" encoding="UTF-8"?>
<!-- Generated by org.testng.reporters.JUnitReportReporter -->
<testsuite skipped="0" hostname="LAPTOP-0BAH2TM9" name="com.ivorytech.basics.ThirdAppiumTest" tests="1" failures="0" timestamp="29 aoÃ»t 2019 22:45:55 GMT" time="57.657" errors="0">
  <testcase name="main" time="57.657" classname="com.ivorytech.basics.ThirdAppiumTest"/>
</testsuite> <!-- com.ivorytech.basics.ThirdAppiumTest -->
