<?xml version="1.0" encoding="UTF-8"?>
<!-- Generated by org.testng.reporters.JUnitReportReporter -->
<testsuite skipped="0" hostname="LAPTOP-0BAH2TM9" name="com.ivorytech.test.mobileApplication.AppiumTest_One" tests="1" failures="0" timestamp="23 dÃ©c. 2019 00:11:09 GMT" time="3.297" errors="0">
  <testcase name="main" time="3.297" classname="com.ivorytech.test.mobileApplication.AppiumTest_One"/>
</testsuite> <!-- com.ivorytech.test.mobileApplication.AppiumTest_One -->
