<?xml version="1.0" encoding="UTF-8"?>
<!-- Generated by org.testng.reporters.JUnitReportReporter -->
<testsuite skipped="1" hostname="LAPTOP-0BAH2TM9" name="com.ivorytech.basics.isAtTest" tests="1" failures="0" timestamp="13 nov. 2019 09:35:11 GMT" time="0.000" errors="0">
  <testcase name="launch" time="0.000" classname="com.ivorytech.basics.isAtTest">
    <skipped/>
  </testcase> <!-- launch -->
</testsuite> <!-- com.ivorytech.basics.isAtTest -->
