<?xml version="1.0" encoding="UTF-8"?>
<!-- Generated by org.testng.reporters.JUnitReportReporter -->
<testsuite skipped="0" hostname="LAPTOP-0BAH2TM9" name="com.ivorytech.basics.dartyTest0" tests="1" failures="0" timestamp="28 nov. 2019 10:52:15 GMT" time="34.710" errors="0">
  <testcase name="launchTest" time="34.710" classname="com.ivorytech.basics.dartyTest0"/>
</testsuite> <!-- com.ivorytech.basics.dartyTest0 -->
