<?xml version="1.0" encoding="UTF-8"?>
<!-- Generated by org.testng.reporters.JUnitReportReporter -->
<testsuite skipped="0" hostname="LAPTOP-0BAH2TM9" name="com.ivorytech.basics.AllureReportingTest" tests="1" failures="0" timestamp="20 dÃ©c. 2019 11:47:29 GMT" time="36.192" errors="0">
  <testcase name="invalidLoginTest_InvalidUserNameInvalidPassword" time="36.192" classname="com.ivorytech.basics.AllureReportingTest"/>
</testsuite> <!-- com.ivorytech.basics.AllureReportingTest -->
