<?xml version="1.0" encoding="UTF-8"?>
<!-- Generated by org.testng.reporters.JUnitReportReporter -->
<testsuite skipped="0" hostname="LAPTOP-0BAH2TM9" name="com.ivorytech.basics.TestLog4j" tests="1" failures="0" timestamp="06 aoÃ»t 2019 08:59:21 GMT" time="41.950" errors="0">
  <testcase name="launchTest" time="41.950" classname="com.ivorytech.basics.TestLog4j"/>
</testsuite> <!-- com.ivorytech.basics.TestLog4j -->
