<?xml version="1.0" encoding="UTF-8"?>
<!-- Generated by org.testng.reporters.JUnitReportReporter -->
<testsuite skipped="0" hostname="LAPTOP-0BAH2TM9" name="com.ivorytech.basics.ConnexionPageTest" tests="1" failures="0" timestamp="09 aoÃ»t 2019 10:03:37 GMT" time="18.687" errors="0">
  <testcase name="launchTest" time="18.687" classname="com.ivorytech.basics.ConnexionPageTest"/>
</testsuite> <!-- com.ivorytech.basics.ConnexionPageTest -->
