<?xml version="1.0" encoding="UTF-8"?>
<!-- Generated by org.testng.reporters.JUnitReportReporter -->
<testsuite skipped="0" hostname="LAPTOP-0BAH2TM9" name="com.ivorytech.basics.AllureReportingTest" tests="1" failures="0" timestamp="21 dÃ©c. 2019 02:56:36 GMT" time="31.244" errors="0">
  <testcase name="FirstSearchOnGoogle" time="31.244" classname="com.ivorytech.basics.AllureReportingTest"/>
</testsuite> <!-- com.ivorytech.basics.AllureReportingTest -->
